2023-01-22 20:53:24,393 - utils_selenium - INFO - successfully logged into linkedin with selenium
2023-01-22 20:53:28,459 - utils_selenium - INFO - andywhoward has accepted invitation, updated column on submitted invitation
2023-01-22 20:55:33,826 - utils_selenium - INFO - --------------------------------------------------------------------------------
2023-01-22 20:56:20,333 - utils_selenium - INFO - successfully logged into linkedin with selenium
2023-01-22 20:56:25,485 - utils_selenium - INFO - tom-beal-35874b5 has accepted invitation, updated column on submitted invitation
2023-01-22 20:56:25,497 - utils_selenium - INFO - network info has been updated to 1 for tom-beal-35874b5
2023-01-22 20:56:25,548 - utils_selenium - INFO - roberto-giacalone has accepted invitation, updated column on submitted invitation
2023-01-22 20:56:25,549 - utils_selenium - INFO - network info has been updated to 1 for roberto-giacalone
2023-01-22 20:56:25,559 - utils_selenium - INFO - matthewhullcfa has accepted invitation, updated column on submitted invitation
2023-01-22 20:56:25,560 - utils_selenium - INFO - network info has been updated to 1 for matthewhullcfa
2023-01-22 20:56:25,578 - utils_selenium - INFO - daniel-jaffe-3414312 has accepted invitation, updated column on submitted invitation
2023-01-22 20:56:25,579 - utils_selenium - INFO - network info has been updated to 1 for daniel-jaffe-3414312
2023-01-22 20:56:25,589 - utils_selenium - INFO - tim-williams-74699316 has accepted invitation, updated column on submitted invitation
2023-01-22 20:56:25,590 - utils_selenium - INFO - network info has been updated to 1 for tim-williams-74699316
2023-01-22 20:56:25,600 - utils_selenium - INFO - roberthurst001 has accepted invitation, updated column on submitted invitation
2023-01-22 20:56:25,601 - utils_selenium - INFO - network info has been updated to 1 for roberthurst001
2023-01-22 21:00:37,027 - __main__ - INFO - --------------------------------------------------------------------------------
2023-01-22 21:00:39,640 - utils_selenium - INFO - --------------------------------------------------------------------------------
2023-01-22 21:01:26,094 - utils_selenium - INFO - successfully logged into linkedin with selenium
2023-01-22 21:02:55,868 - utils_selenium - INFO - --------------------------------------------------------------------------------
2023-01-22 21:11:14,604 - utils_selenium - INFO - --------------------------------------------------------------------------------
2023-01-22 22:27:19,517 - utils_selenium - INFO - --------------------------------------------------------------------------------
2023-01-22 22:31:14,728 - utils_selenium - INFO - --------------------------------------------------------------------------------
2023-01-23 11:42:22,383 - utils_selenium - INFO - --------------------------------------------------------------------------------
2023-01-23 11:45:25,626 - utils_selenium - INFO - --------------------------------------------------------------------------------
2023-01-23 11:48:13,941 - utils_selenium - INFO - --------------------------------------------------------------------------------
2023-01-23 11:51:39,572 - utils_selenium - INFO - --------------------------------------------------------------------------------
2023-01-23 11:54:14,068 - utils_selenium - INFO - --------------------------------------------------------------------------------
2023-01-23 12:01:00,771 - utils_selenium - INFO - --------------------------------------------------------------------------------
2023-01-23 12:15:28,045 - utils_selenium - INFO - --------------------------------------------------------------------------------
2023-01-23 12:23:29,183 - utils_selenium - INFO - --------------------------------------------------------------------------------
2023-01-23 12:32:00,783 - utils_selenium - INFO - --------------------------------------------------------------------------------
2023-01-23 12:33:19,316 - utils_selenium - INFO - --------------------------------------------------------------------------------
2023-01-23 14:43:55,028 - utils_selenium - INFO - --------------------------------------------------------------------------------
2023-01-23 15:18:36,647 - utils_selenium - INFO - --------------------------------------------------------------------------------
2023-01-23 15:19:29,448 - utils_selenium - INFO - successfully logged into linkedin with selenium
2023-01-23 15:19:46,369 - utils_selenium - INFO - --------------------------------------------------------------------------------
2023-01-23 15:24:56,896 - utils_selenium - INFO - --------------------------------------------------------------------------------
2023-01-23 16:41:12,523 - utils_selenium - INFO - --------------------------------------------------------------------------------
2023-01-23 17:40:09,416 - utils_selenium - INFO - --------------------------------------------------------------------------------
2023-01-23 17:40:57,680 - utils_selenium - INFO - successfully logged into linkedin with selenium
2023-01-23 17:41:02,236 - utils_selenium - INFO - francis-akpata-908a218a has accepted invitation, updated column on submitted invitation
2023-01-23 17:41:02,259 - utils_selenium - INFO - network info has been updated to 1 for francis-akpata-908a218a
2023-01-23 17:45:14,303 - utils_selenium - INFO - --------------------------------------------------------------------------------
2023-01-23 17:45:56,943 - utils_selenium - INFO - successfully logged into linkedin with selenium
2023-01-23 17:47:04,135 - utils_selenium - INFO - --------------------------------------------------------------------------------
2023-01-23 17:47:47,008 - utils_selenium - INFO - successfully logged into linkedin with selenium
2023-01-23 17:47:51,620 - utils_selenium - INFO - jackinglis has accepted invitation, updated column on submitted invitation
2023-01-23 17:47:51,631 - utils_selenium - INFO - network info has been updated to 1 for jackinglis
